<?xml version="1.0" encoding="UTF-8"?>
<!-- Generated by org.testng.reporters.JUnitReportReporter -->
<testsuite hostname="ZSCHN01LP0174" failures="0" tests="3" name="runners.UserLoginRunner" time="0.168" errors="0" timestamp="2024-02-08T17:01:07 IST" skipped="0">
  <testcase classname="runners.UserLoginRunner" name="runScenario" time="0.019"/>
  <system-out/>
  <testcase classname="runners.UserLoginRunner" name="runScenario" time="0.112"/>
  <system-out/>
  <testcase classname="runners.UserLoginRunner" name="runScenario" time="0.037"/>
  <system-out/>
</testsuite> <!-- runners.UserLoginRunner -->
